<?xml version="1.0" encoding="UTF-8"?>
<!-- Generated by org.testng.reporters.JUnitReportReporter -->
<testsuite hostname="SILICUS215" name="testclasses.User_SignIn_To_Site" tests="1" failures="0" timestamp="12 Sep 2017 12:42:29 GMT" time="19.674" errors="0">
  <testcase name="sign_In_With_IMDB" time="19.674" classname="testclasses.User_SignIn_To_Site"/>
</testsuite> <!-- testclasses.User_SignIn_To_Site -->
