<?xml version="1.0" encoding="UTF-8"?>
<!-- Generated by org.testng.reporters.JUnitReportReporter -->
<testsuite hostname="CHDESPANDE-T460" name="testclasses.Compare_Movies_By_Rating" tests="1" failures="0" timestamp="25 Jan 2018 11:05:26 GMT" time="19.015" errors="0">
  <testcase name="compare_Movies_By_Rating" time="19.015" classname="testclasses.Compare_Movies_By_Rating"/>
</testsuite> <!-- testclasses.Compare_Movies_By_Rating -->
