<?xml version="1.0" encoding="UTF-8"?>
<!-- Generated by org.testng.reporters.JUnitReportReporter -->
<testsuite hostname="CHDESPANDE-T460" name="testclasses.Play_Movie_Trailer" tests="1" failures="0" timestamp="25 Jan 2018 11:05:26 GMT" time="44.738" errors="0">
  <testcase name="play_Movie_Trailer" time="44.738" classname="testclasses.Play_Movie_Trailer"/>
</testsuite> <!-- testclasses.Play_Movie_Trailer -->
