<?xml version="1.0" encoding="UTF-8"?>
<!-- Generated by org.testng.reporters.JUnitReportReporter -->
<testsuite hostname="CHDESPANDE-T460" name="testclasses.Browse_Celebrity_Photos" tests="1" failures="0" timestamp="25 Jan 2018 11:12:41 GMT" time="28.072" errors="0">
  <testcase name="browseCelebrityPhotos" time="28.072" classname="testclasses.Browse_Celebrity_Photos"/>
</testsuite> <!-- testclasses.Browse_Celebrity_Photos -->
