<?xml version="1.0" encoding="UTF-8"?>
<!-- Generated by org.testng.reporters.JUnitReportReporter -->
<testsuite hostname="SILICUS215" name="testclasses.Login_And_Your_Ratings" tests="1" failures="0" timestamp="12 Sep 2017 12:58:00 GMT" time="31.028" errors="0">
  <testcase name="loginAndYourRatings" time="31.028" classname="testclasses.Login_And_Your_Ratings"/>
</testsuite> <!-- testclasses.Login_And_Your_Ratings -->
