<?xml version="1.0" encoding="UTF-8"?>
<!-- Generated by org.testng.reporters.JUnitReportReporter -->
<testsuite hostname="SILICUS215" name="testclasses.Rate_Unrated_Movie" tests="1" failures="0" timestamp="5 Oct 2017 09:53:00 GMT" time="31.885" errors="0">
  <testcase name="rateUnratedMovie" time="31.885" classname="testclasses.Rate_Unrated_Movie"/>
</testsuite> <!-- testclasses.Rate_Unrated_Movie -->
