<?xml version="1.0" encoding="UTF-8"?>
<!-- Generated by org.testng.reporters.JUnitReportReporter -->
<testsuite hostname="SILICUS215" name="testclasses.Rate_Unrated_Movie" tests="1" failures="0" timestamp="2 Nov 2017 07:09:36 GMT" time="28.747" errors="0">
  <testcase name="rateUnratedMovie" time="28.747" classname="testclasses.Rate_Unrated_Movie"/>
</testsuite> <!-- testclasses.Rate_Unrated_Movie -->
