<?xml version="1.0" encoding="UTF-8"?>
<!-- Generated by org.testng.reporters.JUnitReportReporter -->
<testsuite hostname="SILICUS215" name="testclasses.Compare_Movies_By_Rating" tests="1" failures="0" timestamp="16 Jun 2017 11:32:17 GMT" time="25.789" errors="0">
  <testcase name="compare_Movies_By_Rating" time="25.789" classname="testclasses.Compare_Movies_By_Rating"/>
</testsuite> <!-- testclasses.Compare_Movies_By_Rating -->
