<?xml version="1.0" encoding="UTF-8"?>
<!-- Generated by org.testng.reporters.JUnitReportReporter -->
<testsuite hostname="CHDESPANDE-T460" name="testclasses.Login_And_Your_Ratings" tests="1" failures="0" timestamp="23 Jan 2018 10:47:05 GMT" time="24.090" errors="0">
  <testcase name="loginAndYourRatings" time="24.090" classname="testclasses.Login_And_Your_Ratings"/>
</testsuite> <!-- testclasses.Login_And_Your_Ratings -->
