<?xml version="1.0" encoding="UTF-8"?>
<!-- Generated by org.testng.reporters.JUnitReportReporter -->
<testsuite hostname="SILICUS215" name="testclasses.Compare_Movies_By_Rating" tests="1" failures="0" timestamp="20 Sep 2017 16:03:01 GMT" time="28.241" errors="0">
  <testcase name="compare_Movies_By_Rating" time="28.241" classname="testclasses.Compare_Movies_By_Rating"/>
</testsuite> <!-- testclasses.Compare_Movies_By_Rating -->
