<?xml version="1.0" encoding="UTF-8"?>
<!-- Generated by org.testng.reporters.JUnitReportReporter -->
<testsuite hostname="SILICUS215" name="testclasses.Compare_Movies_By_Rating" tests="1" failures="0" timestamp="1 Sep 2017 10:07:41 GMT" time="24.483" errors="0">
  <testcase name="compare_Movies_By_Rating" time="24.483" classname="testclasses.Compare_Movies_By_Rating"/>
</testsuite> <!-- testclasses.Compare_Movies_By_Rating -->
