<?xml version="1.0" encoding="UTF-8"?>
<!-- Generated by org.testng.reporters.JUnitReportReporter -->
<testsuite hostname="SILICUS215" name="testclasses.User_SignIn_To_Site" tests="1" failures="0" timestamp="1 Sep 2017 10:20:28 GMT" time="17.167" errors="0">
  <testcase name="sign_In_With_IMDB" time="17.167" classname="testclasses.User_SignIn_To_Site"/>
</testsuite> <!-- testclasses.User_SignIn_To_Site -->
