<?xml version="1.0" encoding="UTF-8"?>
<!-- Generated by org.testng.reporters.JUnitReportReporter -->
<testsuite hostname="CHDESPANDE-T460" name="testclasses.Create_New_Account_And_Login" tests="1" failures="0" timestamp="25 Jan 2018 11:05:26 GMT" time="16.650" errors="0">
  <testcase name="CreateNewAccount" time="16.650" classname="testclasses.Create_New_Account_And_Login"/>
</testsuite> <!-- testclasses.Create_New_Account_And_Login -->
