<?xml version="1.0" encoding="UTF-8"?>
<!-- Generated by org.testng.reporters.JUnitReportReporter -->
<testsuite hostname="SILICUS215" name="testclasses.Rate_Unrated_Movie" tests="1" failures="0" timestamp="14 Sep 2017 13:21:29 GMT" time="31.393" errors="0">
  <testcase name="rateUnratedMovie" time="31.393" classname="testclasses.Rate_Unrated_Movie"/>
</testsuite> <!-- testclasses.Rate_Unrated_Movie -->
