<?xml version="1.0" encoding="UTF-8"?>
<!-- Generated by org.testng.reporters.JUnitReportReporter -->
<testsuite hostname="SILICUS215" name="testclasses.Play_Movie_Trailer" tests="1" failures="0" timestamp="23 Aug 2017 08:56:26 GMT" time="75.498" errors="0">
  <testcase name="play_Movie_Trailer" time="75.498" classname="testclasses.Play_Movie_Trailer"/>
</testsuite> <!-- testclasses.Play_Movie_Trailer -->
