<?xml version="1.0" encoding="UTF-8"?>
<!-- Generated by org.testng.reporters.JUnitReportReporter -->
<testsuite hostname="SILICUS215" name="testclasses.Play_Movie_Trailer" tests="1" failures="0" timestamp="14 Sep 2017 10:12:34 GMT" time="44.492" errors="0">
  <testcase name="play_Movie_Trailer" time="44.492" classname="testclasses.Play_Movie_Trailer"/>
</testsuite> <!-- testclasses.Play_Movie_Trailer -->
