<?xml version="1.0" encoding="UTF-8"?>
<!-- Generated by org.testng.reporters.JUnitReportReporter -->
<testsuite hostname="CHDESPANDE-T460" name="testclasses.Play_Movie_Trailer" tests="1" failures="0" timestamp="23 Jan 2018 10:50:48 GMT" time="39.780" errors="0">
  <testcase name="play_Movie_Trailer" time="39.780" classname="testclasses.Play_Movie_Trailer"/>
</testsuite> <!-- testclasses.Play_Movie_Trailer -->
