<?xml version="1.0" encoding="UTF-8"?>
<!-- Generated by org.testng.reporters.JUnitReportReporter -->
<testsuite hostname="SILICUS215" name="testclasses.New_Movies_In_Theatre" tests="1" failures="0" timestamp="14 Sep 2017 10:12:34 GMT" time="55.849" errors="0">
  <testcase name="getCurrentMoviesInTheatre" time="55.849" classname="testclasses.New_Movies_In_Theatre"/>
</testsuite> <!-- testclasses.New_Movies_In_Theatre -->
