<?xml version="1.0" encoding="UTF-8"?>
<!-- Generated by org.testng.reporters.JUnitReportReporter -->
<testsuite hostname="SILICUS215" name="testclasses.Browse_Celebrity_Photos" tests="1" failures="0" timestamp="13 Sep 2017 13:27:11 GMT" time="62.573" errors="0">
  <testcase name="browseCelebrityPhotos" time="62.573" classname="testclasses.Browse_Celebrity_Photos"/>
</testsuite> <!-- testclasses.Browse_Celebrity_Photos -->
