<?xml version="1.0" encoding="UTF-8"?>
<!-- Generated by org.testng.reporters.JUnitReportReporter -->
<testsuite hostname="SILICUS215" name="testclasses.New_Movies_In_Theatre" tests="1" failures="0" timestamp="13 Sep 2017 13:04:07 GMT" time="37.747" errors="0">
  <testcase name="getCurrentMoviesInTheatre" time="37.747" classname="testclasses.New_Movies_In_Theatre"/>
</testsuite> <!-- testclasses.New_Movies_In_Theatre -->
