<?xml version="1.0" encoding="UTF-8"?>
<!-- Generated by org.testng.reporters.JUnitReportReporter -->
<testsuite hostname="SILICUS215" name="testclasses.User_SignIn_To_Site" tests="1" failures="0" timestamp="16 Jun 2017 09:46:33 GMT" time="18.745" errors="0">
  <testcase name="sign_In_With_IMDB" time="18.745" classname="testclasses.User_SignIn_To_Site"/>
</testsuite> <!-- testclasses.User_SignIn_To_Site -->
