<?xml version="1.0" encoding="UTF-8"?>
<!-- Generated by org.testng.reporters.JUnitReportReporter -->
<testsuite hostname="SILICUS215" name="testclasses.Play_Movie_Trailer" tests="1" failures="0" timestamp="30 Aug 2017 12:33:22 GMT" time="47.667" errors="0">
  <testcase name="play_Movie_Trailer" time="47.667" classname="testclasses.Play_Movie_Trailer"/>
</testsuite> <!-- testclasses.Play_Movie_Trailer -->
