<?xml version="1.0" encoding="UTF-8"?>
<!-- Generated by org.testng.reporters.JUnitReportReporter -->
<testsuite hostname="SILICUS215" name="testclasses.Browse_Celebrity_Photos" tests="1" failures="0" timestamp="30 Oct 2017 09:44:43 GMT" time="30.475" errors="0">
  <testcase name="browseCelebrityPhotos" time="30.475" classname="testclasses.Browse_Celebrity_Photos"/>
</testsuite> <!-- testclasses.Browse_Celebrity_Photos -->
