<?xml version="1.0" encoding="UTF-8"?>
<!-- Generated by org.testng.reporters.JUnitReportReporter -->
<testsuite hostname="SILICUS215" name="testclasses.Search_And_Open_Movie_Detail_Page" tests="1" failures="0" timestamp="16 Jun 2017 06:42:33 GMT" time="17.009" errors="0">
  <testcase name="search_And_Open_Movie_Detail_Page" time="17.009" classname="testclasses.Search_And_Open_Movie_Detail_Page"/>
</testsuite> <!-- testclasses.Search_And_Open_Movie_Detail_Page -->
