<?xml version="1.0" encoding="UTF-8"?>
<!-- Generated by org.testng.reporters.JUnitReportReporter -->
<testsuite hostname="CHDESPANDE-T460" name="testclasses.New_Movies_In_Theatre" tests="1" failures="0" timestamp="23 Jan 2018 10:46:14 GMT" time="45.102" errors="0">
  <testcase name="getCurrentMoviesInTheatre" time="45.102" classname="testclasses.New_Movies_In_Theatre"/>
</testsuite> <!-- testclasses.New_Movies_In_Theatre -->
