<?xml version="1.0" encoding="UTF-8"?>
<!-- Generated by org.testng.reporters.JUnitReportReporter -->
<testsuite hostname="CHDESPANDE-T460" name="testclasses.User_SignIn_To_Site" tests="1" failures="0" timestamp="25 Jan 2018 11:05:26 GMT" time="15.474" errors="0">
  <testcase name="sign_In_With_IMDB" time="15.474" classname="testclasses.User_SignIn_To_Site"/>
</testsuite> <!-- testclasses.User_SignIn_To_Site -->
