<?xml version="1.0" encoding="UTF-8"?>
<!-- Generated by org.testng.reporters.JUnitReportReporter -->
<testsuite hostname="CHDESPANDE-T460" name="testclasses.Compare_Movies_By_Rating" tests="1" failures="0" timestamp="23 Jan 2018 09:58:18 GMT" time="12.055" errors="0">
  <testcase name="compare_Movies_By_Rating" time="12.055" classname="testclasses.Compare_Movies_By_Rating"/>
</testsuite> <!-- testclasses.Compare_Movies_By_Rating -->
