<?xml version="1.0" encoding="UTF-8"?>
<!-- Generated by org.testng.reporters.JUnitReportReporter -->
<testsuite hostname="SILICUS215" name="testclasses.Browse_Celebrity_Photos" tests="1" failures="0" timestamp="14 Sep 2017 10:12:34 GMT" time="63.104" errors="0">
  <testcase name="browseCelebrityPhotos" time="63.104" classname="testclasses.Browse_Celebrity_Photos"/>
</testsuite> <!-- testclasses.Browse_Celebrity_Photos -->
