<?xml version="1.0" encoding="UTF-8"?>
<!-- Generated by org.testng.reporters.JUnitReportReporter -->
<testsuite hostname="SILICUS215" name="testclasses.Create_New_Account_And_Login" tests="1" failures="0" timestamp="14 Sep 2017 10:21:41 GMT" time="25.797" errors="0">
  <testcase name="CreateNewAccount" time="25.797" classname="testclasses.Create_New_Account_And_Login"/>
</testsuite> <!-- testclasses.Create_New_Account_And_Login -->
