<?xml version="1.0" encoding="UTF-8"?>
<!-- Generated by org.testng.reporters.JUnitReportReporter -->
<testsuite hostname="SILICUS215" name="testclasses.HomePageTest" tests="1" failures="0" timestamp="13 Jun 2017 10:09:14 GMT" time="12.136" errors="0">
  <testcase name="performSearchFunction" time="12.136" classname="testclasses.HomePageTest"/>
</testsuite> <!-- testclasses.HomePageTest -->
