<?xml version="1.0" encoding="UTF-8"?>
<!-- Generated by org.testng.reporters.JUnitReportReporter -->
<testsuite hostname="SILICUS215" name="testclasses.Play_Movie_Trailer" tests="1" failures="0" timestamp="16 Jun 2017 10:42:32 GMT" time="16.167" errors="0">
  <testcase name="play_Movie_Trailer" time="16.167" classname="testclasses.Play_Movie_Trailer"/>
</testsuite> <!-- testclasses.Play_Movie_Trailer -->
