<?xml version="1.0" encoding="UTF-8"?>
<!-- Generated by org.testng.reporters.JUnitReportReporter -->
<testsuite hostname="SILICUS215" name="testclasses.Browse_Celebrity_Photos" tests="1" failures="0" timestamp="20 Sep 2017 11:11:01 GMT" time="33.641" errors="0">
  <testcase name="browseCelebrityPhotos" time="33.641" classname="testclasses.Browse_Celebrity_Photos"/>
</testsuite> <!-- testclasses.Browse_Celebrity_Photos -->
