<?xml version="1.0" encoding="UTF-8"?>
<!-- Generated by org.testng.reporters.JUnitReportReporter -->
<testsuite hostname="SILICUS215" name="testclasses.Create_New_Account_And_Login" tests="1" failures="0" timestamp="21 Sep 2017 13:04:11 GMT" time="30.558" errors="0">
  <testcase name="CreateNewAccount" time="30.558" classname="testclasses.Create_New_Account_And_Login"/>
</testsuite> <!-- testclasses.Create_New_Account_And_Login -->
